0 info it worked if it ends with ok
1 verbose cli [ '/usr/local/Cellar/node/5.5.0/bin/node',
1 verbose cli   '/usr/local/bin/npm',
1 verbose cli   'start' ]
2 info using npm@3.7.2
3 info using node@v5.5.0
4 verbose run-script [ 'prestart', 'start', 'poststart' ]
5 info lifecycle assessment@1.0.0~prestart: assessment@1.0.0
6 verbose lifecycle assessment@1.0.0~prestart: unsafe-perm in lifecycle true
7 verbose lifecycle assessment@1.0.0~prestart: PATH: /usr/local/lib/node_modules/npm/bin/node-gyp-bin:/Users/ladyb/Documents/workspace/assessment/node_modules/.bin:/usr/local/Cellar/node/5.5.0/bin:/Users/ladyb/.rvm/gems/ruby-2.3.0/bin:/Users/ladyb/.rvm/gems/ruby-2.3.0@global/bin:/Users/ladyb/.rvm/rubies/ruby-2.3.0/bin:/usr/local/bin:/usr/bin:/bin:/usr/sbin:/sbin:/usr/local/bin:/usr/bin:/bin:/usr/sbin:/sbin:/Users/ladyb/.rvm/bin
8 verbose lifecycle assessment@1.0.0~prestart: CWD: /Users/ladyb/Documents/workspace/assessment
9 silly lifecycle assessment@1.0.0~prestart: Args: [ '-c', 'npm install' ]
10 silly lifecycle assessment@1.0.0~prestart: Returned: code: 0  signal: null
11 info lifecycle assessment@1.0.0~start: assessment@1.0.0
12 verbose lifecycle assessment@1.0.0~start: unsafe-perm in lifecycle true
13 verbose lifecycle assessment@1.0.0~start: PATH: /usr/local/lib/node_modules/npm/bin/node-gyp-bin:/Users/ladyb/Documents/workspace/assessment/node_modules/.bin:/usr/local/Cellar/node/5.5.0/bin:/Users/ladyb/.rvm/gems/ruby-2.3.0/bin:/Users/ladyb/.rvm/gems/ruby-2.3.0@global/bin:/Users/ladyb/.rvm/rubies/ruby-2.3.0/bin:/usr/local/bin:/usr/bin:/bin:/usr/sbin:/sbin:/usr/local/bin:/usr/bin:/bin:/usr/sbin:/sbin:/Users/ladyb/.rvm/bin
14 verbose lifecycle assessment@1.0.0~start: CWD: /Users/ladyb/Documents/workspace/assessment
15 silly lifecycle assessment@1.0.0~start: Args: [ '-c', 'node index.js' ]
16 silly lifecycle assessment@1.0.0~start: Returned: code: 1  signal: null
17 info lifecycle assessment@1.0.0~start: Failed to exec start script
18 verbose stack Error: assessment@1.0.0 start: `node index.js`
18 verbose stack Exit status 1
18 verbose stack     at EventEmitter.<anonymous> (/usr/local/lib/node_modules/npm/lib/utils/lifecycle.js:239:16)
18 verbose stack     at emitTwo (events.js:100:13)
18 verbose stack     at EventEmitter.emit (events.js:185:7)
18 verbose stack     at ChildProcess.<anonymous> (/usr/local/lib/node_modules/npm/lib/utils/spawn.js:24:14)
18 verbose stack     at emitTwo (events.js:100:13)
18 verbose stack     at ChildProcess.emit (events.js:185:7)
18 verbose stack     at maybeClose (internal/child_process.js:821:16)
18 verbose stack     at Process.ChildProcess._handle.onexit (internal/child_process.js:211:5)
19 verbose pkgid assessment@1.0.0
20 verbose cwd /Users/ladyb/Documents/workspace/assessment
21 error Darwin 15.6.0
22 error argv "/usr/local/Cellar/node/5.5.0/bin/node" "/usr/local/bin/npm" "start"
23 error node v5.5.0
24 error npm  v3.7.2
25 error code ELIFECYCLE
26 error assessment@1.0.0 start: `node index.js`
26 error Exit status 1
27 error Failed at the assessment@1.0.0 start script 'node index.js'.
27 error Make sure you have the latest version of node.js and npm installed.
27 error If you do, this is most likely a problem with the assessment package,
27 error not with npm itself.
27 error Tell the author that this fails on your system:
27 error     node index.js
27 error You can get information on how to open an issue for this project with:
27 error     npm bugs assessment
27 error Or if that isn't available, you can get their info via:
27 error     npm owner ls assessment
27 error There is likely additional logging output above.
28 verbose exit [ 1, true ]
